<?xml version="1.0" encoding="UTF-8"?>
<!-- Generated by org.testng.reporters.JUnitXMLReporter -->
<testsuite hostname="BNGLT-4T55T72" name="Test" tests="5" failures="1" timestamp="4 Aug 2016 13:01:13 GMT" time="242.901" errors="0">
  <testcase name="SignIn" time="26.38" classname="testScript.InventoryAndEHS"/>
  <testcase name="AddVendor" time="46.437" classname="testScript.InventoryAndEHS"/>
  <testcase name="AddEquipment" time="51.977" classname="testScript.InventoryAndEHS"/>
  <testcase name="AddHomegrown" time="58.285" classname="testScript.InventoryAndEHS"/>
  <testcase name="AddVendorMaterial" time="59.619" classname="testScript.InventoryAndEHS">
    <failure type="org.openqa.selenium.TimeoutException" message="Timed out after 5 seconds waiting for visibility of element located by By.xpath: .//*[@id=&amp;apos;confirmationModal&amp;apos;]/div/div/div[1]
Build info: version: &amp;apos;2.53.0&amp;apos;, revision: &amp;apos;35ae25b&amp;apos;, time: &amp;apos;2016-03-15 16:57:40&amp;apos;
System info: host: &amp;apos;BNGLT-4T55T72&amp;apos;, ip: &amp;apos;10.68.24.110&amp;apos;, os.name: &amp;apos;Windows 7&amp;apos;, os.arch: &amp;apos;amd64&amp;apos;, os.version: &amp;apos;6.1&amp;apos;, java.version: &amp;apos;1.8.0_91&amp;apos;
Driver info: org.openqa.selenium.firefox.FirefoxDriver
Capabilities [{applicationCacheEnabled=true, rotatable=false, handlesAlerts=true, databaseEnabled=true, version=46.0.1, platform=WINDOWS, nativeEvents=false, acceptSslCerts=true, webStorageEnabled=true, locationContextEnabled=true, browserName=firefox, takesScreenshot=true, javascriptEnabled=true, cssSelectorsEnabled=true}]
Session ID: 909ff67c-18b2-4362-9172-0aadaac8ade0">
      <![CDATA[org.openqa.selenium.TimeoutException: Timed out after 5 seconds waiting for visibility of element located by By.xpath: .//*[@id='confirmationModal']/div/div/div[1]
Build info: version: '2.53.0', revision: '35ae25b', time: '2016-03-15 16:57:40'
System info: host: 'BNGLT-4T55T72', ip: '10.68.24.110', os.name: 'Windows 7', os.arch: 'amd64', os.version: '6.1', java.version: '1.8.0_91'
Driver info: org.openqa.selenium.firefox.FirefoxDriver
Capabilities [{applicationCacheEnabled=true, rotatable=false, handlesAlerts=true, databaseEnabled=true, version=46.0.1, platform=WINDOWS, nativeEvents=false, acceptSslCerts=true, webStorageEnabled=true, locationContextEnabled=true, browserName=firefox, takesScreenshot=true, javascriptEnabled=true, cssSelectorsEnabled=true}]
Session ID: 909ff67c-18b2-4362-9172-0aadaac8ade0
	at org.openqa.selenium.support.ui.WebDriverWait.timeoutException(WebDriverWait.java:80)
	at org.openqa.selenium.support.ui.FluentWait.until(FluentWait.java:261)
	at appModules.AddVendorMaterial_Action.AddVenMat(AddVendorMaterial_Action.java:103)
	at testScript.InventoryAndEHS.AddVendorMaterial(InventoryAndEHS.java:63)
... Removed 23 stack frames]]>
    </failure>
  </testcase> <!-- AddVendorMaterial -->
</testsuite> <!-- Test -->
